<?xml version="1.0" encoding="UTF-8"?>
<coverage generated="1621959526047" clover="3.2.0">
  <project timestamp="1621959526047" name="All files">
    <metrics statements="59" coveredstatements="55" conditionals="108" coveredconditionals="63" methods="33" coveredmethods="29" elements="200" coveredelements="147" complexity="0" loc="59" ncloc="59" packages="5" files="10" classes="10"/>
    <package name="Button">
      <metrics statements="15" coveredstatements="15" conditionals="41" coveredconditionals="32" methods="10" coveredmethods="10"/>
      <file name="Button.tsx" path="E:\Programming\ss_component_library\src\Components\Button\Button.tsx">
        <metrics statements="2" coveredstatements="2" conditionals="11" coveredconditionals="10" methods="1" coveredmethods="1"/>
        <line num="8" count="2" type="stmt"/>
        <line num="27" count="23" type="stmt"/>
      </file>
      <file name="Elements.ts" path="E:\Programming\ss_component_library\src\Components\Button\Elements.ts">
        <metrics statements="13" coveredstatements="13" conditionals="30" coveredconditionals="22" methods="9" coveredmethods="9"/>
        <line num="4" count="2" type="stmt"/>
        <line num="6" count="23" type="cond" truecount="2" falsecount="0"/>
        <line num="10" count="23" type="cond" truecount="6" falsecount="2"/>
        <line num="16" count="23" type="cond" truecount="6" falsecount="2"/>
        <line num="22" count="23" type="stmt"/>
        <line num="23" count="23" type="stmt"/>
        <line num="24" count="23" type="cond" truecount="1" falsecount="1"/>
        <line num="26" count="23" type="stmt"/>
        <line num="27" count="23" type="cond" truecount="1" falsecount="1"/>
        <line num="32" count="23" type="cond" truecount="6" falsecount="2"/>
        <line num="39" count="2" type="stmt"/>
        <line num="43" count="2" type="stmt"/>
        <line num="49" count="2" type="stmt"/>
      </file>
    </package>
    <package name="ButtonGroup">
      <metrics statements="18" coveredstatements="18" conditionals="9" coveredconditionals="8" methods="6" coveredmethods="6"/>
      <file name="ButtonGroup.tsx" path="E:\Programming\ss_component_library\src\Components\ButtonGroup\ButtonGroup.tsx">
        <metrics statements="15" coveredstatements="15" conditionals="9" coveredconditionals="8" methods="4" coveredmethods="4"/>
        <line num="6" count="1" type="stmt"/>
        <line num="14" count="9" type="stmt"/>
        <line num="15" count="9" type="stmt"/>
        <line num="16" count="9" type="stmt"/>
        <line num="17" count="9" type="stmt"/>
        <line num="18" count="9" type="stmt"/>
        <line num="19" count="9" type="stmt"/>
        <line num="21" count="9" type="stmt"/>
        <line num="22" count="1" type="cond" truecount="1" falsecount="1"/>
        <line num="23" count="1" type="stmt"/>
        <line num="24" count="1" type="stmt"/>
        <line num="27" count="9" type="stmt"/>
        <line num="30" count="18" type="stmt"/>
        <line num="31" count="18" type="stmt"/>
        <line num="40" count="1" type="stmt"/>
      </file>
      <file name="ButtonGroupElement.ts" path="E:\Programming\ss_component_library\src\Components\ButtonGroup\ButtonGroupElement.ts">
        <metrics statements="3" coveredstatements="3" conditionals="0" coveredconditionals="0" methods="2" coveredmethods="2"/>
        <line num="4" count="1" type="stmt"/>
        <line num="5" count="9" type="stmt"/>
        <line num="7" count="9" type="stmt"/>
      </file>
    </package>
    <package name="Input">
      <metrics statements="16" coveredstatements="12" conditionals="29" coveredconditionals="16" methods="11" coveredmethods="7"/>
      <file name="Elements.ts" path="E:\Programming\ss_component_library\src\Components\Input\Elements.ts">
        <metrics statements="14" coveredstatements="10" conditionals="10" coveredconditionals="3" methods="10" coveredmethods="6"/>
        <line num="7" count="1" type="stmt"/>
        <line num="8" count="3" type="cond" truecount="1" falsecount="1"/>
        <line num="9" count="3" type="stmt"/>
        <line num="10" count="3" type="stmt"/>
        <line num="12" count="3" type="cond" truecount="1" falsecount="1"/>
        <line num="22" count="1" type="stmt"/>
        <line num="23" count="3" type="stmt"/>
        <line num="36" count="1" type="stmt"/>
        <line num="39" count="3" type="stmt"/>
        <line num="43" count="1" type="stmt"/>
        <line num="44" count="0" type="stmt"/>
        <line num="46" count="0" type="cond" truecount="0" falsecount="2"/>
        <line num="51" count="0" type="stmt"/>
        <line num="52" count="0" type="cond" truecount="0" falsecount="2"/>
      </file>
      <file name="Input.tsx" path="E:\Programming\ss_component_library\src\Components\Input\Input.tsx">
        <metrics statements="2" coveredstatements="2" conditionals="19" coveredconditionals="13" methods="1" coveredmethods="1"/>
        <line num="5" count="1" type="stmt"/>
        <line num="22" count="3" type="stmt"/>
      </file>
    </package>
    <package name="Photo">
      <metrics statements="5" coveredstatements="5" conditionals="0" coveredconditionals="0" methods="3" coveredmethods="3"/>
      <file name="Image.tsx" path="E:\Programming\ss_component_library\src\Components\Photo\Image.tsx">
        <metrics statements="2" coveredstatements="2" conditionals="0" coveredconditionals="0" methods="1" coveredmethods="1"/>
        <line num="5" count="1" type="stmt"/>
        <line num="6" count="3" type="stmt"/>
      </file>
      <file name="ImageElements.ts" path="E:\Programming\ss_component_library\src\Components\Photo\ImageElements.ts">
        <metrics statements="3" coveredstatements="3" conditionals="0" coveredconditionals="0" methods="2" coveredmethods="2"/>
        <line num="3" count="1" type="stmt"/>
        <line num="4" count="3" type="stmt"/>
        <line num="5" count="3" type="stmt"/>
      </file>
    </package>
    <package name="Title">
      <metrics statements="5" coveredstatements="5" conditionals="29" coveredconditionals="7" methods="3" coveredmethods="3"/>
      <file name="Title.tsx" path="E:\Programming\ss_component_library\src\Components\Title\Title.tsx">
        <metrics statements="2" coveredstatements="2" conditionals="13" coveredconditionals="3" methods="1" coveredmethods="1"/>
        <line num="5" count="1" type="stmt"/>
        <line num="11" count="3" type="stmt"/>
      </file>
      <file name="TitleElements.ts" path="E:\Programming\ss_component_library\src\Components\Title\TitleElements.ts">
        <metrics statements="3" coveredstatements="3" conditionals="16" coveredconditionals="4" methods="2" coveredmethods="2"/>
        <line num="4" count="1" type="stmt"/>
        <line num="6" count="3" type="cond" truecount="2" falsecount="4"/>
        <line num="10" count="3" type="cond" truecount="2" falsecount="8"/>
      </file>
    </package>
  </project>
</coverage>
