<?xml version="1.0" encoding="UTF-8"?>
<coverage generated="1622030440287" clover="3.2.0">
  <project timestamp="1622030440287" name="All files">
    <metrics statements="56" coveredstatements="52" conditionals="114" coveredconditionals="55" methods="33" coveredmethods="29" elements="203" coveredelements="136" complexity="0" loc="56" ncloc="56" packages="4" files="8" classes="8"/>
    <package name="Button">
      <metrics statements="14" coveredstatements="14" conditionals="38" coveredconditionals="19" methods="9" coveredmethods="9"/>
      <file name="Button.tsx" path="/home/noRoot/Work/ssv8/component_lib/src/Components/Button/Button.tsx">
        <metrics statements="2" coveredstatements="2" conditionals="10" coveredconditionals="8" methods="1" coveredmethods="1"/>
        <line num="8" count="1" type="stmt"/>
        <line num="23" count="3" type="stmt"/>
      </file>
      <file name="Elements.ts" path="/home/noRoot/Work/ssv8/component_lib/src/Components/Button/Elements.ts">
        <metrics statements="12" coveredstatements="12" conditionals="28" coveredconditionals="11" methods="8" coveredmethods="8"/>
        <line num="4" count="1" type="stmt"/>
        <line num="11" count="3" type="cond" truecount="3" falsecount="5"/>
        <line num="17" count="3" type="cond" truecount="3" falsecount="5"/>
        <line num="23" count="3" type="stmt"/>
        <line num="24" count="3" type="stmt"/>
        <line num="25" count="3" type="cond" truecount="1" falsecount="1"/>
        <line num="26" count="3" type="stmt"/>
        <line num="27" count="3" type="cond" truecount="1" falsecount="1"/>
        <line num="32" count="3" type="cond" truecount="3" falsecount="5"/>
        <line num="39" count="1" type="stmt"/>
        <line num="43" count="1" type="stmt"/>
        <line num="47" count="1" type="stmt"/>
      </file>
    </package>
    <package name="Input">
      <metrics statements="16" coveredstatements="12" conditionals="29" coveredconditionals="16" methods="11" coveredmethods="7"/>
      <file name="Elements.ts" path="/home/noRoot/Work/ssv8/component_lib/src/Components/Input/Elements.ts">
        <metrics statements="14" coveredstatements="10" conditionals="10" coveredconditionals="3" methods="10" coveredmethods="6"/>
        <line num="7" count="1" type="stmt"/>
        <line num="8" count="3" type="cond" truecount="1" falsecount="1"/>
        <line num="9" count="3" type="stmt"/>
        <line num="10" count="3" type="stmt"/>
        <line num="12" count="3" type="cond" truecount="1" falsecount="1"/>
        <line num="22" count="1" type="stmt"/>
        <line num="23" count="3" type="stmt"/>
        <line num="36" count="1" type="stmt"/>
        <line num="39" count="3" type="stmt"/>
        <line num="43" count="1" type="stmt"/>
        <line num="44" count="0" type="stmt"/>
        <line num="46" count="0" type="cond" truecount="0" falsecount="2"/>
        <line num="51" count="0" type="stmt"/>
        <line num="52" count="0" type="cond" truecount="0" falsecount="2"/>
      </file>
      <file name="Input.tsx" path="/home/noRoot/Work/ssv8/component_lib/src/Components/Input/Input.tsx">
        <metrics statements="2" coveredstatements="2" conditionals="19" coveredconditionals="13" methods="1" coveredmethods="1"/>
        <line num="5" count="1" type="stmt"/>
        <line num="22" count="3" type="stmt"/>
      </file>
    </package>
    <package name="Textarea">
      <metrics statements="21" coveredstatements="21" conditionals="18" coveredconditionals="10" methods="10" coveredmethods="10"/>
      <file name="Elements.tsx" path="/home/noRoot/Work/ssv8/component_lib/src/Components/Textarea/Elements.tsx">
        <metrics statements="9" coveredstatements="9" conditionals="8" coveredconditionals="4" methods="7" coveredmethods="7"/>
        <line num="4" count="1" type="stmt"/>
        <line num="6" count="15" type="stmt"/>
        <line num="8" count="15" type="cond" truecount="1" falsecount="1"/>
        <line num="11" count="15" type="stmt"/>
        <line num="13" count="15" type="cond" truecount="2" falsecount="2"/>
        <line num="16" count="1" type="stmt"/>
        <line num="18" count="15" type="cond" truecount="1" falsecount="1"/>
        <line num="24" count="15" type="stmt"/>
        <line num="27" count="15" type="stmt"/>
      </file>
      <file name="Textarea.tsx" path="/home/noRoot/Work/ssv8/component_lib/src/Components/Textarea/Textarea.tsx">
        <metrics statements="12" coveredstatements="12" conditionals="10" coveredconditionals="6" methods="3" coveredmethods="3"/>
        <line num="5" count="1" type="stmt"/>
        <line num="16" count="15" type="stmt"/>
        <line num="17" count="15" type="stmt"/>
        <line num="18" count="15" type="stmt"/>
        <line num="20" count="15" type="stmt"/>
        <line num="21" count="9" type="stmt"/>
        <line num="22" count="9" type="stmt"/>
        <line num="23" count="9" type="stmt"/>
        <line num="24" count="9" type="stmt"/>
        <line num="25" count="9" type="stmt"/>
        <line num="28" count="15" type="stmt"/>
        <line num="40" count="9" type="stmt"/>
      </file>
    </package>
    <package name="Title">
      <metrics statements="5" coveredstatements="5" conditionals="29" coveredconditionals="10" methods="3" coveredmethods="3"/>
      <file name="Title.tsx" path="/home/noRoot/Work/ssv8/component_lib/src/Components/Title/Title.tsx">
        <metrics statements="2" coveredstatements="2" conditionals="13" coveredconditionals="5" methods="1" coveredmethods="1"/>
        <line num="5" count="1" type="stmt"/>
        <line num="11" count="2" type="stmt"/>
      </file>
      <file name="TitleElements.ts" path="/home/noRoot/Work/ssv8/component_lib/src/Components/Title/TitleElements.ts">
        <metrics statements="3" coveredstatements="3" conditionals="16" coveredconditionals="5" methods="2" coveredmethods="2"/>
        <line num="4" count="1" type="stmt"/>
        <line num="6" count="2" type="cond" truecount="2" falsecount="4"/>
        <line num="10" count="2" type="cond" truecount="3" falsecount="7"/>
      </file>
    </package>
  </project>
</coverage>
