{"E:\\Programming\\ss_component_library\\src\\Components\\Button\\Button.tsx": {"path":"E:\\Programming\\ss_component_library\\src\\Components\\Button\\Button.tsx","statementMap":{"0":{"start":{"line":8,"column":45},"end":{"line":56,"column":1}},"1":{"start":{"line":27,"column":2},"end":{"line":55,"column":4}}},"fnMap":{"0":{"name":"(anonymous_0)","decl":{"start":{"line":8,"column":45},"end":{"line":8,"column":46}},"loc":{"start":{"line":26,"column":5},"end":{"line":56,"column":1}},"line":26}},"branchMap":{"0":{"loc":{"start":{"line":10,"column":4},"end":{"line":10,"column":26}},"type":"default-arg","locations":[{"start":{"line":10,"column":24},"end":{"line":10,"column":26}}],"line":10},"1":{"loc":{"start":{"line":11,"column":4},"end":{"line":11,"column":24}},"type":"default-arg","locations":[{"start":{"line":11,"column":22},"end":{"line":11,"column":24}}],"line":11},"2":{"loc":{"start":{"line":15,"column":4},"end":{"line":15,"column":20}},"type":"default-arg","locations":[{"start":{"line":15,"column":12},"end":{"line":15,"column":20}}],"line":15},"3":{"loc":{"start":{"line":16,"column":4},"end":{"line":16,"column":17}},"type":"default-arg","locations":[{"start":{"line":16,"column":15},"end":{"line":16,"column":17}}],"line":16},"4":{"loc":{"start":{"line":18,"column":4},"end":{"line":18,"column":15}},"type":"default-arg","locations":[{"start":{"line":18,"column":13},"end":{"line":18,"column":15}}],"line":18},"5":{"loc":{"start":{"line":19,"column":4},"end":{"line":19,"column":15}},"type":"default-arg","locations":[{"start":{"line":19,"column":12},"end":{"line":19,"column":15}}],"line":19},"6":{"loc":{"start":{"line":23,"column":4},"end":{"line":23,"column":24}},"type":"default-arg","locations":[{"start":{"line":23,"column":19},"end":{"line":23,"column":24}}],"line":23},"7":{"loc":{"start":{"line":42,"column":9},"end":{"line":52,"column":9}},"type":"cond-expr","locations":[{"start":{"line":43,"column":10},"end":{"line":47,"column":26}},{"start":{"line":49,"column":10},"end":{"line":51,"column":26}}],"line":42},"8":{"loc":{"start":{"line":42,"column":9},"end":{"line":42,"column":29}},"type":"binary-expr","locations":[{"start":{"line":42,"column":9},"end":{"line":42,"column":18}},{"start":{"line":42,"column":22},"end":{"line":42,"column":29}}],"line":42}},"s":{"0":2,"1":23},"f":{"0":23},"b":{"0":[23],"1":[23],"2":[0],"3":[5],"4":[5],"5":[5],"6":[5],"7":[5,18],"8":[23,18]},"_coverageSchema":"1a1c01bbd47fc00a2c39e90264f33305004495a9","hash":"fb10cc89628ab85ef4de38e88b142abe62caa931"}
,"E:\\Programming\\ss_component_library\\src\\Components\\Button\\Elements.ts": {"path":"E:\\Programming\\ss_component_library\\src\\Components\\Button\\Elements.ts","statementMap":{"0":{"start":{"line":4,"column":25},"end":{"line":37,"column":1}},"1":{"start":{"line":6,"column":41},"end":{"line":6,"column":69}},"2":{"start":{"line":10,"column":4},"end":{"line":13,"column":41}},"3":{"start":{"line":16,"column":4},"end":{"line":19,"column":41}},"4":{"start":{"line":22,"column":4},"end":{"line":22,"column":49}},"5":{"start":{"line":23,"column":33},"end":{"line":23,"column":48}},"6":{"start":{"line":24,"column":33},"end":{"line":24,"column":81}},"7":{"start":{"line":26,"column":28},"end":{"line":26,"column":41}},"8":{"start":{"line":27,"column":38},"end":{"line":27,"column":71}},"9":{"start":{"line":32,"column":6},"end":{"line":35,"column":38}},"10":{"start":{"line":39,"column":27},"end":{"line":42,"column":1}},"11":{"start":{"line":43,"column":25},"end":{"line":47,"column":1}},"12":{"start":{"line":49,"column":29},"end":{"line":55,"column":1}}},"fnMap":{"0":{"name":"(anonymous_0)","decl":{"start":{"line":6,"column":19},"end":{"line":6,"column":20}},"loc":{"start":{"line":6,"column":41},"end":{"line":6,"column":69}},"line":6},"1":{"name":"(anonymous_1)","decl":{"start":{"line":9,"column":16},"end":{"line":9,"column":17}},"loc":{"start":{"line":10,"column":4},"end":{"line":13,"column":41}},"line":10},"2":{"name":"(anonymous_2)","decl":{"start":{"line":15,"column":11},"end":{"line":15,"column":12}},"loc":{"start":{"line":16,"column":4},"end":{"line":19,"column":41}},"line":16},"3":{"name":"(anonymous_3)","decl":{"start":{"line":21,"column":13},"end":{"line":21,"column":14}},"loc":{"start":{"line":22,"column":4},"end":{"line":22,"column":49}},"line":22},"4":{"name":"(anonymous_4)","decl":{"start":{"line":23,"column":15},"end":{"line":23,"column":16}},"loc":{"start":{"line":23,"column":33},"end":{"line":23,"column":48}},"line":23},"5":{"name":"(anonymous_5)","decl":{"start":{"line":24,"column":16},"end":{"line":24,"column":17}},"loc":{"start":{"line":24,"column":33},"end":{"line":24,"column":81}},"line":24},"6":{"name":"(anonymous_6)","decl":{"start":{"line":26,"column":12},"end":{"line":26,"column":13}},"loc":{"start":{"line":26,"column":28},"end":{"line":26,"column":41}},"line":26},"7":{"name":"(anonymous_7)","decl":{"start":{"line":27,"column":11},"end":{"line":27,"column":12}},"loc":{"start":{"line":27,"column":38},"end":{"line":27,"column":71}},"line":27},"8":{"name":"(anonymous_8)","decl":{"start":{"line":31,"column":18},"end":{"line":31,"column":19}},"loc":{"start":{"line":32,"column":6},"end":{"line":35,"column":38}},"line":32}},"branchMap":{"0":{"loc":{"start":{"line":6,"column":41},"end":{"line":6,"column":69}},"type":"binary-expr","locations":[{"start":{"line":6,"column":41},"end":{"line":6,"column":53}},{"start":{"line":6,"column":57},"end":{"line":6,"column":69}}],"line":6},"1":{"loc":{"start":{"line":10,"column":4},"end":{"line":13,"column":41}},"type":"binary-expr","locations":[{"start":{"line":10,"column":5},"end":{"line":10,"column":13}},{"start":{"line":10,"column":17},"end":{"line":10,"column":26}},{"start":{"line":11,"column":5},"end":{"line":11,"column":27}},{"start":{"line":11,"column":31},"end":{"line":11,"column":40}},{"start":{"line":12,"column":5},"end":{"line":12,"column":29}},{"start":{"line":12,"column":33},"end":{"line":12,"column":39}},{"start":{"line":13,"column":5},"end":{"line":13,"column":27}},{"start":{"line":13,"column":31},"end":{"line":13,"column":40}}],"line":10},"2":{"loc":{"start":{"line":16,"column":4},"end":{"line":19,"column":41}},"type":"binary-expr","locations":[{"start":{"line":16,"column":5},"end":{"line":16,"column":13}},{"start":{"line":16,"column":17},"end":{"line":16,"column":26}},{"start":{"line":17,"column":5},"end":{"line":17,"column":27}},{"start":{"line":17,"column":31},"end":{"line":17,"column":37}},{"start":{"line":18,"column":5},"end":{"line":18,"column":29}},{"start":{"line":18,"column":33},"end":{"line":18,"column":42}},{"start":{"line":19,"column":5},"end":{"line":19,"column":27}},{"start":{"line":19,"column":31},"end":{"line":19,"column":40}}],"line":16},"3":{"loc":{"start":{"line":24,"column":33},"end":{"line":24,"column":81}},"type":"cond-expr","locations":[{"start":{"line":24,"column":42},"end":{"line":24,"column":74}},{"start":{"line":24,"column":77},"end":{"line":24,"column":81}}],"line":24},"4":{"loc":{"start":{"line":27,"column":38},"end":{"line":27,"column":71}},"type":"cond-expr","locations":[{"start":{"line":27,"column":50},"end":{"line":27,"column":56}},{"start":{"line":27,"column":59},"end":{"line":27,"column":71}}],"line":27},"5":{"loc":{"start":{"line":32,"column":6},"end":{"line":35,"column":38}},"type":"binary-expr","locations":[{"start":{"line":32,"column":7},"end":{"line":32,"column":15}},{"start":{"line":32,"column":19},"end":{"line":32,"column":23}},{"start":{"line":33,"column":7},"end":{"line":33,"column":29}},{"start":{"line":33,"column":33},"end":{"line":33,"column":42}},{"start":{"line":34,"column":7},"end":{"line":34,"column":31}},{"start":{"line":34,"column":35},"end":{"line":34,"column":44}},{"start":{"line":35,"column":7},"end":{"line":35,"column":29}},{"start":{"line":35,"column":33},"end":{"line":35,"column":37}}],"line":32}},"s":{"0":2,"1":23,"2":23,"3":23,"4":23,"5":23,"6":23,"7":23,"8":23,"9":23,"10":2,"11":2,"12":2},"f":{"0":23,"1":23,"2":23,"3":23,"4":23,"5":23,"6":23,"7":23,"8":23},"b":{"0":[23,23],"1":[23,0,23,6,17,0,17,17],"2":[23,0,23,6,17,0,17,17],"3":[0,23],"4":[0,23],"5":[23,0,23,6,17,0,17,17]},"_coverageSchema":"1a1c01bbd47fc00a2c39e90264f33305004495a9","hash":"9f3df0ddd22949df7ae5886b761f2bbd7ab639eb"}
,"E:\\Programming\\ss_component_library\\src\\Components\\ButtonGroup\\ButtonGroup.tsx": {"path":"E:\\Programming\\ss_component_library\\src\\Components\\ButtonGroup\\ButtonGroup.tsx","statementMap":{"0":{"start":{"line":6,"column":55},"end":{"line":49,"column":1}},"1":{"start":{"line":13,"column":32},"end":{"line":13,"column":56}},"2":{"start":{"line":14,"column":28},"end":{"line":14,"column":54}},"3":{"start":{"line":15,"column":24},"end":{"line":15,"column":46}},"4":{"start":{"line":16,"column":23},"end":{"line":16,"column":54}},"5":{"start":{"line":17,"column":22},"end":{"line":17,"column":70}},"6":{"start":{"line":18,"column":18},"end":{"line":18,"column":19}},"7":{"start":{"line":20,"column":22},"end":{"line":23,"column":3}},"8":{"start":{"line":21,"column":4},"end":{"line":21,"column":46}},"9":{"start":{"line":22,"column":4},"end":{"line":22,"column":19}},"10":{"start":{"line":25,"column":2},"end":{"line":48,"column":4}},"11":{"start":{"line":28,"column":8},"end":{"line":28,"column":12}},"12":{"start":{"line":29,"column":8},"end":{"line":45,"column":10}},"13":{"start":{"line":38,"column":29},"end":{"line":38,"column":79}}},"fnMap":{"0":{"name":"(anonymous_0)","decl":{"start":{"line":6,"column":55},"end":{"line":6,"column":56}},"loc":{"start":{"line":12,"column":6},"end":{"line":49,"column":1}},"line":12},"1":{"name":"(anonymous_1)","decl":{"start":{"line":20,"column":22},"end":{"line":20,"column":23}},"loc":{"start":{"line":20,"column":69},"end":{"line":23,"column":3}},"line":20},"2":{"name":"(anonymous_2)","decl":{"start":{"line":27,"column":19},"end":{"line":27,"column":20}},"loc":{"start":{"line":27,"column":31},"end":{"line":46,"column":7}},"line":27},"3":{"name":"(anonymous_3)","decl":{"start":{"line":38,"column":23},"end":{"line":38,"column":24}},"loc":{"start":{"line":38,"column":29},"end":{"line":38,"column":79}},"line":38}},"branchMap":{"0":{"loc":{"start":{"line":11,"column":2},"end":{"line":11,"column":24}},"type":"default-arg","locations":[{"start":{"line":11,"column":15},"end":{"line":11,"column":24}}],"line":11},"1":{"loc":{"start":{"line":21,"column":4},"end":{"line":21,"column":45}},"type":"cond-expr","locations":[{"start":{"line":21,"column":12},"end":{"line":21,"column":27}},{"start":{"line":21,"column":30},"end":{"line":21,"column":45}}],"line":21},"2":{"loc":{"start":{"line":33,"column":16},"end":{"line":33,"column":93}},"type":"binary-expr","locations":[{"start":{"line":33,"column":17},"end":{"line":33,"column":35}},{"start":{"line":33,"column":39},"end":{"line":33,"column":52}},{"start":{"line":33,"column":58},"end":{"line":33,"column":75}},{"start":{"line":33,"column":79},"end":{"line":33,"column":92}}],"line":33},"3":{"loc":{"start":{"line":42,"column":24},"end":{"line":42,"column":70}},"type":"cond-expr","locations":[{"start":{"line":42,"column":48},"end":{"line":42,"column":57}},{"start":{"line":42,"column":60},"end":{"line":42,"column":70}}],"line":42}},"s":{"0":1,"1":9,"2":9,"3":9,"4":9,"5":9,"6":9,"7":9,"8":1,"9":1,"10":9,"11":18,"12":18,"13":1},"f":{"0":9,"1":1,"2":18,"3":1},"b":{"0":[9],"1":[1,0],"2":[18,9,9,9],"3":[1,17]},"_coverageSchema":"1a1c01bbd47fc00a2c39e90264f33305004495a9","hash":"1e3e36074af1751b7c38d256b4abfb06e3ee7cce"}
,"E:\\Programming\\ss_component_library\\src\\Components\\ButtonGroup\\ButtonGroupElement.ts": {"path":"E:\\Programming\\ss_component_library\\src\\Components\\ButtonGroup\\ButtonGroupElement.ts","statementMap":{"0":{"start":{"line":4,"column":34},"end":{"line":10,"column":1}},"1":{"start":{"line":5,"column":30},"end":{"line":5,"column":42}},"2":{"start":{"line":7,"column":32},"end":{"line":7,"column":45}}},"fnMap":{"0":{"name":"(anonymous_0)","decl":{"start":{"line":5,"column":15},"end":{"line":5,"column":16}},"loc":{"start":{"line":5,"column":30},"end":{"line":5,"column":42}},"line":5},"1":{"name":"(anonymous_1)","decl":{"start":{"line":7,"column":16},"end":{"line":7,"column":17}},"loc":{"start":{"line":7,"column":32},"end":{"line":7,"column":45}},"line":7}},"branchMap":{},"s":{"0":1,"1":9,"2":9},"f":{"0":9,"1":9},"b":{},"_coverageSchema":"1a1c01bbd47fc00a2c39e90264f33305004495a9","hash":"64b1dc9ff0ada213f0fcbd825b8bdd8dfdfcf90f"}
,"E:\\Programming\\ss_component_library\\src\\Components\\Title\\Title.tsx": {"path":"E:\\Programming\\ss_component_library\\src\\Components\\Title\\Title.tsx","statementMap":{"0":{"start":{"line":5,"column":43},"end":{"line":20,"column":1}},"1":{"start":{"line":11,"column":2},"end":{"line":19,"column":4}}},"fnMap":{"0":{"name":"(anonymous_0)","decl":{"start":{"line":5,"column":43},"end":{"line":5,"column":44}},"loc":{"start":{"line":10,"column":6},"end":{"line":20,"column":1}},"line":10}},"branchMap":{"0":{"loc":{"start":{"line":6,"column":2},"end":{"line":6,"column":21}},"type":"default-arg","locations":[{"start":{"line":6,"column":12},"end":{"line":6,"column":21}}],"line":6},"1":{"loc":{"start":{"line":7,"column":2},"end":{"line":7,"column":15}},"type":"default-arg","locations":[{"start":{"line":7,"column":9},"end":{"line":7,"column":15}}],"line":7},"2":{"loc":{"start":{"line":8,"column":2},"end":{"line":8,"column":16}},"type":"default-arg","locations":[{"start":{"line":8,"column":9},"end":{"line":8,"column":16}}],"line":8},"3":{"loc":{"start":{"line":13,"column":7},"end":{"line":17,"column":50}},"type":"binary-expr","locations":[{"start":{"line":13,"column":8},"end":{"line":13,"column":29}},{"start":{"line":13,"column":33},"end":{"line":13,"column":48}},{"start":{"line":14,"column":9},"end":{"line":14,"column":25}},{"start":{"line":14,"column":29},"end":{"line":14,"column":44}},{"start":{"line":15,"column":9},"end":{"line":15,"column":26}},{"start":{"line":15,"column":30},"end":{"line":15,"column":45}},{"start":{"line":16,"column":9},"end":{"line":16,"column":25}},{"start":{"line":16,"column":29},"end":{"line":16,"column":44}},{"start":{"line":17,"column":9},"end":{"line":17,"column":30}},{"start":{"line":17,"column":34},"end":{"line":17,"column":49}}],"line":13}},"s":{"0":1,"1":2},"f":{"0":2},"b":{"0":[2],"1":[0],"2":[2],"3":[2,0,2,2,0,0,0,0,0,0]},"_coverageSchema":"1a1c01bbd47fc00a2c39e90264f33305004495a9","hash":"c46e8f58bad0eccdf0bb135f1806201bee340835"}
,"E:\\Programming\\ss_component_library\\src\\Components\\Title\\TitleElements.ts": {"path":"E:\\Programming\\ss_component_library\\src\\Components\\Title\\TitleElements.ts","statementMap":{"0":{"start":{"line":4,"column":27},"end":{"line":15,"column":1}},"1":{"start":{"line":6,"column":4},"end":{"line":8,"column":40}},"2":{"start":{"line":10,"column":4},"end":{"line":14,"column":37}}},"fnMap":{"0":{"name":"(anonymous_0)","decl":{"start":{"line":5,"column":11},"end":{"line":5,"column":12}},"loc":{"start":{"line":6,"column":4},"end":{"line":8,"column":40}},"line":6},"1":{"name":"(anonymous_1)","decl":{"start":{"line":9,"column":15},"end":{"line":9,"column":16}},"loc":{"start":{"line":10,"column":4},"end":{"line":14,"column":37}},"line":10}},"branchMap":{"0":{"loc":{"start":{"line":6,"column":4},"end":{"line":8,"column":40}},"type":"binary-expr","locations":[{"start":{"line":6,"column":5},"end":{"line":6,"column":26}},{"start":{"line":6,"column":30},"end":{"line":6,"column":39}},{"start":{"line":7,"column":5},"end":{"line":7,"column":28}},{"start":{"line":7,"column":32},"end":{"line":7,"column":38}},{"start":{"line":8,"column":5},"end":{"line":8,"column":26}},{"start":{"line":8,"column":30},"end":{"line":8,"column":39}}],"line":6},"1":{"loc":{"start":{"line":10,"column":4},"end":{"line":14,"column":37}},"type":"binary-expr","locations":[{"start":{"line":10,"column":5},"end":{"line":10,"column":26}},{"start":{"line":10,"column":30},"end":{"line":10,"column":36}},{"start":{"line":11,"column":5},"end":{"line":11,"column":21}},{"start":{"line":11,"column":25},"end":{"line":11,"column":31}},{"start":{"line":12,"column":5},"end":{"line":12,"column":22}},{"start":{"line":12,"column":26},"end":{"line":12,"column":32}},{"start":{"line":13,"column":5},"end":{"line":13,"column":21}},{"start":{"line":13,"column":25},"end":{"line":13,"column":31}},{"start":{"line":14,"column":5},"end":{"line":14,"column":26}},{"start":{"line":14,"column":30},"end":{"line":14,"column":36}}],"line":10}},"s":{"0":1,"1":2,"2":2},"f":{"0":2,"1":2},"b":{"0":[2,2,0,0,0,0],"1":[2,0,2,2,0,0,0,0,0,0]},"_coverageSchema":"1a1c01bbd47fc00a2c39e90264f33305004495a9","hash":"ccc2741847d20e401fdf8b28f4c851dc01ea5fb2"}
}
