{"E:\\Programming\\ss_component_library\\src\\Components\\Button\\Button.tsx": {"path":"E:\\Programming\\ss_component_library\\src\\Components\\Button\\Button.tsx","statementMap":{"0":{"start":{"line":8,"column":45},"end":{"line":45,"column":1}},"1":{"start":{"line":23,"column":2},"end":{"line":44,"column":4}}},"fnMap":{"0":{"name":"(anonymous_0)","decl":{"start":{"line":8,"column":45},"end":{"line":8,"column":46}},"loc":{"start":{"line":22,"column":6},"end":{"line":45,"column":1}},"line":22}},"branchMap":{"0":{"loc":{"start":{"line":9,"column":2},"end":{"line":9,"column":24}},"type":"default-arg","locations":[{"start":{"line":9,"column":22},"end":{"line":9,"column":24}}],"line":9},"1":{"loc":{"start":{"line":10,"column":2},"end":{"line":10,"column":22}},"type":"default-arg","locations":[{"start":{"line":10,"column":20},"end":{"line":10,"column":22}}],"line":10},"2":{"loc":{"start":{"line":14,"column":2},"end":{"line":14,"column":18}},"type":"default-arg","locations":[{"start":{"line":14,"column":10},"end":{"line":14,"column":18}}],"line":14},"3":{"loc":{"start":{"line":15,"column":2},"end":{"line":15,"column":15}},"type":"default-arg","locations":[{"start":{"line":15,"column":13},"end":{"line":15,"column":15}}],"line":15},"4":{"loc":{"start":{"line":17,"column":2},"end":{"line":17,"column":13}},"type":"default-arg","locations":[{"start":{"line":17,"column":11},"end":{"line":17,"column":13}}],"line":17},"5":{"loc":{"start":{"line":18,"column":2},"end":{"line":18,"column":13}},"type":"default-arg","locations":[{"start":{"line":18,"column":10},"end":{"line":18,"column":13}}],"line":18},"6":{"loc":{"start":{"line":35,"column":7},"end":{"line":42,"column":7}},"type":"cond-expr","locations":[{"start":{"line":36,"column":8},"end":{"line":39,"column":24}},{"start":{"line":41,"column":8},"end":{"line":41,"column":26}}],"line":35},"7":{"loc":{"start":{"line":35,"column":7},"end":{"line":35,"column":27}},"type":"binary-expr","locations":[{"start":{"line":35,"column":7},"end":{"line":35,"column":16}},{"start":{"line":35,"column":20},"end":{"line":35,"column":27}}],"line":35}},"s":{"0":1,"1":3},"f":{"0":3},"b":{"0":[3],"1":[3],"2":[0],"3":[3],"4":[3],"5":[3],"6":[0,3],"7":[3,3]},"_coverageSchema":"1a1c01bbd47fc00a2c39e90264f33305004495a9","hash":"556b8b2fa1be018c36aceb59d1a111e1f8034d16"}
,"E:\\Programming\\ss_component_library\\src\\Components\\Button\\Elements.ts": {"path":"E:\\Programming\\ss_component_library\\src\\Components\\Button\\Elements.ts","statementMap":{"0":{"start":{"line":4,"column":25},"end":{"line":37,"column":1}},"1":{"start":{"line":11,"column":4},"end":{"line":14,"column":41}},"2":{"start":{"line":17,"column":4},"end":{"line":20,"column":41}},"3":{"start":{"line":23,"column":4},"end":{"line":23,"column":49}},"4":{"start":{"line":24,"column":33},"end":{"line":24,"column":48}},"5":{"start":{"line":25,"column":33},"end":{"line":25,"column":81}},"6":{"start":{"line":26,"column":28},"end":{"line":26,"column":41}},"7":{"start":{"line":27,"column":38},"end":{"line":27,"column":71}},"8":{"start":{"line":32,"column":6},"end":{"line":35,"column":38}},"9":{"start":{"line":39,"column":27},"end":{"line":42,"column":1}},"10":{"start":{"line":43,"column":25},"end":{"line":45,"column":1}},"11":{"start":{"line":47,"column":29},"end":{"line":53,"column":1}}},"fnMap":{"0":{"name":"(anonymous_0)","decl":{"start":{"line":10,"column":16},"end":{"line":10,"column":17}},"loc":{"start":{"line":11,"column":4},"end":{"line":14,"column":41}},"line":11},"1":{"name":"(anonymous_1)","decl":{"start":{"line":16,"column":11},"end":{"line":16,"column":12}},"loc":{"start":{"line":17,"column":4},"end":{"line":20,"column":41}},"line":17},"2":{"name":"(anonymous_2)","decl":{"start":{"line":22,"column":13},"end":{"line":22,"column":14}},"loc":{"start":{"line":23,"column":4},"end":{"line":23,"column":49}},"line":23},"3":{"name":"(anonymous_3)","decl":{"start":{"line":24,"column":15},"end":{"line":24,"column":16}},"loc":{"start":{"line":24,"column":33},"end":{"line":24,"column":48}},"line":24},"4":{"name":"(anonymous_4)","decl":{"start":{"line":25,"column":16},"end":{"line":25,"column":17}},"loc":{"start":{"line":25,"column":33},"end":{"line":25,"column":81}},"line":25},"5":{"name":"(anonymous_5)","decl":{"start":{"line":26,"column":12},"end":{"line":26,"column":13}},"loc":{"start":{"line":26,"column":28},"end":{"line":26,"column":41}},"line":26},"6":{"name":"(anonymous_6)","decl":{"start":{"line":27,"column":11},"end":{"line":27,"column":12}},"loc":{"start":{"line":27,"column":38},"end":{"line":27,"column":71}},"line":27},"7":{"name":"(anonymous_7)","decl":{"start":{"line":31,"column":18},"end":{"line":31,"column":19}},"loc":{"start":{"line":32,"column":6},"end":{"line":35,"column":38}},"line":32}},"branchMap":{"0":{"loc":{"start":{"line":11,"column":4},"end":{"line":14,"column":41}},"type":"binary-expr","locations":[{"start":{"line":11,"column":5},"end":{"line":11,"column":13}},{"start":{"line":11,"column":17},"end":{"line":11,"column":26}},{"start":{"line":12,"column":5},"end":{"line":12,"column":27}},{"start":{"line":12,"column":31},"end":{"line":12,"column":40}},{"start":{"line":13,"column":5},"end":{"line":13,"column":29}},{"start":{"line":13,"column":33},"end":{"line":13,"column":39}},{"start":{"line":14,"column":5},"end":{"line":14,"column":27}},{"start":{"line":14,"column":31},"end":{"line":14,"column":40}}],"line":11},"1":{"loc":{"start":{"line":17,"column":4},"end":{"line":20,"column":41}},"type":"binary-expr","locations":[{"start":{"line":17,"column":5},"end":{"line":17,"column":13}},{"start":{"line":17,"column":17},"end":{"line":17,"column":26}},{"start":{"line":18,"column":5},"end":{"line":18,"column":27}},{"start":{"line":18,"column":31},"end":{"line":18,"column":37}},{"start":{"line":19,"column":5},"end":{"line":19,"column":29}},{"start":{"line":19,"column":33},"end":{"line":19,"column":42}},{"start":{"line":20,"column":5},"end":{"line":20,"column":27}},{"start":{"line":20,"column":31},"end":{"line":20,"column":40}}],"line":17},"2":{"loc":{"start":{"line":25,"column":33},"end":{"line":25,"column":81}},"type":"cond-expr","locations":[{"start":{"line":25,"column":42},"end":{"line":25,"column":74}},{"start":{"line":25,"column":77},"end":{"line":25,"column":81}}],"line":25},"3":{"loc":{"start":{"line":27,"column":38},"end":{"line":27,"column":71}},"type":"cond-expr","locations":[{"start":{"line":27,"column":50},"end":{"line":27,"column":56}},{"start":{"line":27,"column":59},"end":{"line":27,"column":71}}],"line":27},"4":{"loc":{"start":{"line":32,"column":6},"end":{"line":35,"column":38}},"type":"binary-expr","locations":[{"start":{"line":32,"column":7},"end":{"line":32,"column":15}},{"start":{"line":32,"column":19},"end":{"line":32,"column":23}},{"start":{"line":33,"column":7},"end":{"line":33,"column":29}},{"start":{"line":33,"column":33},"end":{"line":33,"column":42}},{"start":{"line":34,"column":7},"end":{"line":34,"column":31}},{"start":{"line":34,"column":35},"end":{"line":34,"column":44}},{"start":{"line":35,"column":7},"end":{"line":35,"column":29}},{"start":{"line":35,"column":33},"end":{"line":35,"column":37}}],"line":32}},"s":{"0":1,"1":3,"2":3,"3":3,"4":3,"5":3,"6":3,"7":3,"8":3,"9":1,"10":1,"11":1},"f":{"0":3,"1":3,"2":3,"3":3,"4":3,"5":3,"6":3,"7":3},"b":{"0":[3,0,3,3,0,0,0,0],"1":[3,0,3,3,0,0,0,0],"2":[0,3],"3":[0,3],"4":[3,0,3,3,0,0,0,0]},"_coverageSchema":"1a1c01bbd47fc00a2c39e90264f33305004495a9","hash":"282d5ca40974d04efc3a13879dd79aef57db01ed"}
,"E:\\Programming\\ss_component_library\\src\\Components\\Title\\Title.tsx": {"path":"E:\\Programming\\ss_component_library\\src\\Components\\Title\\Title.tsx","statementMap":{"0":{"start":{"line":5,"column":43},"end":{"line":20,"column":1}},"1":{"start":{"line":11,"column":2},"end":{"line":19,"column":4}}},"fnMap":{"0":{"name":"(anonymous_0)","decl":{"start":{"line":5,"column":43},"end":{"line":5,"column":44}},"loc":{"start":{"line":10,"column":6},"end":{"line":20,"column":1}},"line":10}},"branchMap":{"0":{"loc":{"start":{"line":6,"column":2},"end":{"line":6,"column":21}},"type":"default-arg","locations":[{"start":{"line":6,"column":12},"end":{"line":6,"column":21}}],"line":6},"1":{"loc":{"start":{"line":7,"column":2},"end":{"line":7,"column":15}},"type":"default-arg","locations":[{"start":{"line":7,"column":9},"end":{"line":7,"column":15}}],"line":7},"2":{"loc":{"start":{"line":8,"column":2},"end":{"line":8,"column":16}},"type":"default-arg","locations":[{"start":{"line":8,"column":9},"end":{"line":8,"column":16}}],"line":8},"3":{"loc":{"start":{"line":13,"column":7},"end":{"line":17,"column":50}},"type":"binary-expr","locations":[{"start":{"line":13,"column":8},"end":{"line":13,"column":29}},{"start":{"line":13,"column":33},"end":{"line":13,"column":48}},{"start":{"line":14,"column":9},"end":{"line":14,"column":25}},{"start":{"line":14,"column":29},"end":{"line":14,"column":44}},{"start":{"line":15,"column":9},"end":{"line":15,"column":26}},{"start":{"line":15,"column":30},"end":{"line":15,"column":45}},{"start":{"line":16,"column":9},"end":{"line":16,"column":25}},{"start":{"line":16,"column":29},"end":{"line":16,"column":44}},{"start":{"line":17,"column":9},"end":{"line":17,"column":30}},{"start":{"line":17,"column":34},"end":{"line":17,"column":49}}],"line":13}},"s":{"0":1,"1":2},"f":{"0":2},"b":{"0":[2],"1":[0],"2":[2],"3":[2,0,2,2,0,0,0,0,0,0]},"_coverageSchema":"1a1c01bbd47fc00a2c39e90264f33305004495a9","hash":"c46e8f58bad0eccdf0bb135f1806201bee340835"}
,"E:\\Programming\\ss_component_library\\src\\Components\\Title\\TitleElements.ts": {"path":"E:\\Programming\\ss_component_library\\src\\Components\\Title\\TitleElements.ts","statementMap":{"0":{"start":{"line":4,"column":27},"end":{"line":15,"column":1}},"1":{"start":{"line":6,"column":4},"end":{"line":8,"column":40}},"2":{"start":{"line":10,"column":4},"end":{"line":14,"column":37}}},"fnMap":{"0":{"name":"(anonymous_0)","decl":{"start":{"line":5,"column":11},"end":{"line":5,"column":12}},"loc":{"start":{"line":6,"column":4},"end":{"line":8,"column":40}},"line":6},"1":{"name":"(anonymous_1)","decl":{"start":{"line":9,"column":15},"end":{"line":9,"column":16}},"loc":{"start":{"line":10,"column":4},"end":{"line":14,"column":37}},"line":10}},"branchMap":{"0":{"loc":{"start":{"line":6,"column":4},"end":{"line":8,"column":40}},"type":"binary-expr","locations":[{"start":{"line":6,"column":5},"end":{"line":6,"column":26}},{"start":{"line":6,"column":30},"end":{"line":6,"column":39}},{"start":{"line":7,"column":5},"end":{"line":7,"column":28}},{"start":{"line":7,"column":32},"end":{"line":7,"column":38}},{"start":{"line":8,"column":5},"end":{"line":8,"column":26}},{"start":{"line":8,"column":30},"end":{"line":8,"column":39}}],"line":6},"1":{"loc":{"start":{"line":10,"column":4},"end":{"line":14,"column":37}},"type":"binary-expr","locations":[{"start":{"line":10,"column":5},"end":{"line":10,"column":26}},{"start":{"line":10,"column":30},"end":{"line":10,"column":36}},{"start":{"line":11,"column":5},"end":{"line":11,"column":21}},{"start":{"line":11,"column":25},"end":{"line":11,"column":31}},{"start":{"line":12,"column":5},"end":{"line":12,"column":22}},{"start":{"line":12,"column":26},"end":{"line":12,"column":32}},{"start":{"line":13,"column":5},"end":{"line":13,"column":21}},{"start":{"line":13,"column":25},"end":{"line":13,"column":31}},{"start":{"line":14,"column":5},"end":{"line":14,"column":26}},{"start":{"line":14,"column":30},"end":{"line":14,"column":36}}],"line":10}},"s":{"0":1,"1":2,"2":2},"f":{"0":2,"1":2},"b":{"0":[2,2,0,0,0,0],"1":[2,0,2,2,0,0,0,0,0,0]},"_coverageSchema":"1a1c01bbd47fc00a2c39e90264f33305004495a9","hash":"ccc2741847d20e401fdf8b28f4c851dc01ea5fb2"}
}
