TN:
SF:src\Components\Button\Button.tsx
FN:8,(anonymous_0)
FNF:1
FNH:1
FNDA:3,(anonymous_0)
DA:8,1
DA:23,3
LF:2
LH:2
BRDA:9,0,0,3
BRDA:10,1,0,3
BRDA:14,2,0,0
BRDA:15,3,0,3
BRDA:17,4,0,3
BRDA:18,5,0,3
BRDA:35,6,0,0
BRDA:35,6,1,3
BRDA:35,7,0,3
BRDA:35,7,1,3
BRF:10
BRH:8
end_of_record
TN:
SF:src\Components\Button\Elements.ts
FN:10,(anonymous_0)
FN:16,(anonymous_1)
FN:22,(anonymous_2)
FN:24,(anonymous_3)
FN:25,(anonymous_4)
FN:26,(anonymous_5)
FN:27,(anonymous_6)
FN:31,(anonymous_7)
FNF:8
FNH:8
FNDA:3,(anonymous_0)
FNDA:3,(anonymous_1)
FNDA:3,(anonymous_2)
FNDA:3,(anonymous_3)
FNDA:3,(anonymous_4)
FNDA:3,(anonymous_5)
FNDA:3,(anonymous_6)
FNDA:3,(anonymous_7)
DA:4,1
DA:11,3
DA:17,3
DA:23,3
DA:24,3
DA:25,3
DA:26,3
DA:27,3
DA:32,3
DA:39,1
DA:43,1
DA:47,1
LF:12
LH:12
BRDA:11,0,0,3
BRDA:11,0,1,0
BRDA:11,0,2,3
BRDA:11,0,3,3
BRDA:11,0,4,0
BRDA:11,0,5,0
BRDA:11,0,6,0
BRDA:11,0,7,0
BRDA:17,1,0,3
BRDA:17,1,1,0
BRDA:17,1,2,3
BRDA:17,1,3,3
BRDA:17,1,4,0
BRDA:17,1,5,0
BRDA:17,1,6,0
BRDA:17,1,7,0
BRDA:25,2,0,0
BRDA:25,2,1,3
BRDA:27,3,0,0
BRDA:27,3,1,3
BRDA:32,4,0,3
BRDA:32,4,1,0
BRDA:32,4,2,3
BRDA:32,4,3,3
BRDA:32,4,4,0
BRDA:32,4,5,0
BRDA:32,4,6,0
BRDA:32,4,7,0
BRF:28
BRH:11
end_of_record
TN:
SF:src\Components\Title\Title.tsx
FN:5,(anonymous_0)
FNF:1
FNH:1
FNDA:2,(anonymous_0)
DA:5,1
DA:11,2
LF:2
LH:2
BRDA:6,0,0,2
BRDA:7,1,0,0
BRDA:8,2,0,2
BRDA:13,3,0,2
BRDA:13,3,1,0
BRDA:13,3,2,2
BRDA:13,3,3,2
BRDA:13,3,4,0
BRDA:13,3,5,0
BRDA:13,3,6,0
BRDA:13,3,7,0
BRDA:13,3,8,0
BRDA:13,3,9,0
BRF:13
BRH:5
end_of_record
TN:
SF:src\Components\Title\TitleElements.ts
FN:5,(anonymous_0)
FN:9,(anonymous_1)
FNF:2
FNH:2
FNDA:2,(anonymous_0)
FNDA:2,(anonymous_1)
DA:4,1
DA:6,2
DA:10,2
LF:3
LH:3
BRDA:6,0,0,2
BRDA:6,0,1,2
BRDA:6,0,2,0
BRDA:6,0,3,0
BRDA:6,0,4,0
BRDA:6,0,5,0
BRDA:10,1,0,2
BRDA:10,1,1,0
BRDA:10,1,2,2
BRDA:10,1,3,2
BRDA:10,1,4,0
BRDA:10,1,5,0
BRDA:10,1,6,0
BRDA:10,1,7,0
BRDA:10,1,8,0
BRDA:10,1,9,0
BRF:16
BRH:5
end_of_record
