TN:
SF:src\Components\Button\Button.tsx
FN:8,(anonymous_0)
FNF:1
FNH:1
FNDA:3,(anonymous_0)
DA:8,1
DA:23,3
LF:2
LH:2
BRDA:9,0,0,3
BRDA:10,1,0,3
BRDA:14,2,0,0
BRDA:15,3,0,3
BRDA:17,4,0,3
BRDA:18,5,0,3
BRDA:35,6,0,0
BRDA:35,6,1,3
BRDA:35,7,0,3
BRDA:35,7,1,3
BRF:10
BRH:8
end_of_record
TN:
SF:src\Components\Button\Elements.ts
FN:10,(anonymous_0)
FN:16,(anonymous_1)
FN:22,(anonymous_2)
FN:24,(anonymous_3)
FN:25,(anonymous_4)
FN:26,(anonymous_5)
FN:27,(anonymous_6)
FN:31,(anonymous_7)
FNF:8
FNH:8
FNDA:3,(anonymous_0)
FNDA:3,(anonymous_1)
FNDA:3,(anonymous_2)
FNDA:3,(anonymous_3)
FNDA:3,(anonymous_4)
FNDA:3,(anonymous_5)
FNDA:3,(anonymous_6)
FNDA:3,(anonymous_7)
DA:4,1
DA:11,3
DA:17,3
DA:23,3
DA:24,3
DA:25,3
DA:26,3
DA:27,3
DA:32,3
DA:39,1
DA:43,1
DA:47,1
LF:12
LH:12
BRDA:11,0,0,3
BRDA:11,0,1,0
BRDA:11,0,2,3
BRDA:11,0,3,3
BRDA:11,0,4,0
BRDA:11,0,5,0
BRDA:11,0,6,0
BRDA:11,0,7,0
BRDA:17,1,0,3
BRDA:17,1,1,0
BRDA:17,1,2,3
BRDA:17,1,3,3
BRDA:17,1,4,0
BRDA:17,1,5,0
BRDA:17,1,6,0
BRDA:17,1,7,0
BRDA:25,2,0,0
BRDA:25,2,1,3
BRDA:27,3,0,0
BRDA:27,3,1,3
BRDA:32,4,0,3
BRDA:32,4,1,0
BRDA:32,4,2,3
BRDA:32,4,3,3
BRDA:32,4,4,0
BRDA:32,4,5,0
BRDA:32,4,6,0
BRDA:32,4,7,0
BRF:28
BRH:11
end_of_record
TN:
SF:src\Components\Input\Elements.ts
FN:8,(anonymous_0)
FN:9,(anonymous_1)
FN:10,(anonymous_2)
FN:11,(anonymous_3)
FN:23,(anonymous_4)
FN:39,(anonymous_5)
FN:44,(anonymous_6)
FN:45,(anonymous_7)
FN:51,(anonymous_8)
FN:52,(anonymous_9)
FNF:10
FNH:10
FNDA:5,(anonymous_0)
FNDA:5,(anonymous_1)
FNDA:5,(anonymous_2)
FNDA:5,(anonymous_3)
FNDA:5,(anonymous_4)
FNDA:5,(anonymous_5)
FNDA:5,(anonymous_6)
FNDA:5,(anonymous_7)
FNDA:5,(anonymous_8)
FNDA:5,(anonymous_9)
DA:7,1
DA:8,5
DA:9,5
DA:10,5
DA:12,5
DA:22,1
DA:23,5
DA:36,1
DA:39,5
DA:43,1
DA:44,5
DA:46,5
DA:51,5
DA:52,5
LF:14
LH:14
BRDA:8,0,0,0
BRDA:8,0,1,5
BRDA:12,1,0,5
BRDA:12,1,1,0
BRDA:14,2,0,0
BRDA:14,2,1,0
BRDA:46,3,0,4
BRDA:46,3,1,1
BRDA:52,4,0,5
BRDA:52,4,1,0
BRF:10
BRH:5
end_of_record
TN:
SF:src\Components\Input\Input.tsx
FN:5,(anonymous_0)
FNF:1
FNH:1
FNDA:5,(anonymous_0)
DA:5,1
DA:22,5
LF:2
LH:2
BRDA:6,0,0,0
BRDA:7,1,0,0
BRDA:8,2,0,5
BRDA:9,3,0,5
BRDA:10,4,0,5
BRDA:11,5,0,5
BRDA:12,6,0,5
BRDA:13,7,0,0
BRDA:14,8,0,5
BRDA:15,9,0,3
BRDA:17,10,0,5
BRDA:30,11,0,5
BRDA:30,11,1,0
BRDA:30,12,0,5
BRDA:30,12,1,0
BRDA:32,13,0,5
BRDA:32,13,1,5
BRDA:55,14,0,5
BRDA:55,14,1,0
BRF:19
BRH:13
end_of_record
TN:
SF:src\Components\Textarea\Elements.tsx
FN:6,(anonymous_0)
FN:7,(anonymous_1)
FN:10,(anonymous_2)
FN:11,(anonymous_3)
FN:17,(anonymous_4)
FN:24,(anonymous_5)
FN:27,(anonymous_6)
FNF:7
FNH:7
FNDA:15,(anonymous_0)
FNDA:15,(anonymous_1)
FNDA:15,(anonymous_2)
FNDA:15,(anonymous_3)
FNDA:15,(anonymous_4)
FNDA:15,(anonymous_5)
FNDA:15,(anonymous_6)
DA:4,1
DA:6,15
DA:7,15
DA:10,15
DA:12,15
DA:15,1
DA:18,15
DA:24,15
DA:27,15
LF:9
LH:9
BRDA:7,0,0,0
BRDA:7,0,1,15
BRDA:12,1,0,15
BRDA:12,1,1,15
BRDA:12,1,2,0
BRDA:12,1,3,0
BRDA:18,2,0,0
BRDA:18,2,1,15
BRF:8
BRH:4
end_of_record
TN:
SF:src\Components\Textarea\Textarea.tsx
FN:5,(anonymous_0)
FN:20,(anonymous_1)
FN:40,(anonymous_2)
FNF:3
FNH:3
FNDA:15,(anonymous_0)
FNDA:9,(anonymous_1)
FNDA:9,(anonymous_2)
DA:5,1
DA:16,15
DA:17,15
DA:18,15
DA:20,15
DA:21,9
DA:22,9
DA:23,9
DA:24,9
DA:25,9
DA:28,15
DA:40,9
LF:12
LH:12
BRDA:6,0,0,15
BRDA:7,1,0,0
BRDA:8,2,0,0
BRDA:9,3,0,0
BRDA:11,4,0,15
BRDA:13,5,0,0
BRDA:30,6,0,6
BRDA:30,6,1,9
BRDA:39,7,0,6
BRDA:39,7,1,9
BRF:10
BRH:6
end_of_record
TN:
SF:src\Components\Title\Title.tsx
FN:5,(anonymous_0)
FNF:1
FNH:1
FNDA:2,(anonymous_0)
DA:5,1
DA:11,2
LF:2
LH:2
BRDA:6,0,0,2
BRDA:7,1,0,0
BRDA:8,2,0,2
BRDA:13,3,0,2
BRDA:13,3,1,0
BRDA:13,3,2,2
BRDA:13,3,3,2
BRDA:13,3,4,0
BRDA:13,3,5,0
BRDA:13,3,6,0
BRDA:13,3,7,0
BRDA:13,3,8,0
BRDA:13,3,9,0
BRF:13
BRH:5
end_of_record
TN:
SF:src\Components\Title\TitleElements.ts
FN:5,(anonymous_0)
FN:9,(anonymous_1)
FNF:2
FNH:2
FNDA:2,(anonymous_0)
FNDA:2,(anonymous_1)
DA:4,1
DA:6,2
DA:10,2
LF:3
LH:3
BRDA:6,0,0,2
BRDA:6,0,1,2
BRDA:6,0,2,0
BRDA:6,0,3,0
BRDA:6,0,4,0
BRDA:6,0,5,0
BRDA:10,1,0,2
BRDA:10,1,1,0
BRDA:10,1,2,2
BRDA:10,1,3,2
BRDA:10,1,4,0
BRDA:10,1,5,0
BRDA:10,1,6,0
BRDA:10,1,7,0
BRDA:10,1,8,0
BRDA:10,1,9,0
BRF:16
BRH:5
end_of_record
